Analysis & Synthesis report for Cofre
Sun May 14 11:06:03 2023
Quartus Prime Version 20.1.0 Build 711 06/05/2020 SJ Lite Edition


---------------------
; Table of Contents ;
---------------------
  1. Legal Notice
  2. Analysis & Synthesis Summary
  3. Analysis & Synthesis Settings
  4. Parallel Compilation
  5. Analysis & Synthesis Source Files Read
  6. Analysis & Synthesis Resource Usage Summary
  7. Analysis & Synthesis Resource Utilization by Entity
  8. Registers Removed During Synthesis
  9. Removed Registers Triggering Further Register Optimizations
 10. General Register Statistics
 11. Parameter Settings for User Entity Instance: Comparador:inst79|LPM_COMPARE:inst100
 12. Parameter Settings for User Entity Instance: Comparador:inst79|LPM_COMPARE:inst101
 13. Parameter Settings for User Entity Instance: Comparador:inst79|LPM_COMPARE:inst102
 14. Post-Synthesis Netlist Statistics for Top Partition
 15. Elapsed Time Per Partition
 16. Analysis & Synthesis Messages



----------------
; Legal Notice ;
----------------
Copyright (C) 2020  Intel Corporation. All rights reserved.
Your use of Intel Corporation's design tools, logic functions 
and other software and tools, and any partner logic 
functions, and any output files from any of the foregoing 
(including device programming or simulation files), and any 
associated documentation or information are expressly subject 
to the terms and conditions of the Intel Program License 
Subscription Agreement, the Intel Quartus Prime License Agreement,
the Intel FPGA IP License Agreement, or other applicable license
agreement, including, without limitation, that your use is for
the sole purpose of programming logic devices manufactured by
Intel and sold by Intel or its authorized distributors.  Please
refer to the applicable agreement for further details, at
https://fpgasoftware.intel.com/eula.



+----------------------------------------------------------------------------------+
; Analysis & Synthesis Summary                                                     ;
+------------------------------------+---------------------------------------------+
; Analysis & Synthesis Status        ; Successful - Sun May 14 11:06:03 2023       ;
; Quartus Prime Version              ; 20.1.0 Build 711 06/05/2020 SJ Lite Edition ;
; Revision Name                      ; Cofre                                       ;
; Top-level Entity Name              ; Cofre                                       ;
; Family                             ; Cyclone IV E                                ;
; Total logic elements               ; 0                                           ;
;     Total combinational functions  ; 0                                           ;
;     Dedicated logic registers      ; 0                                           ;
; Total registers                    ; 0                                           ;
; Total pins                         ; 66                                          ;
; Total virtual pins                 ; 0                                           ;
; Total memory bits                  ; 0                                           ;
; Embedded Multiplier 9-bit elements ; 0                                           ;
; Total PLLs                         ; 0                                           ;
+------------------------------------+---------------------------------------------+


+------------------------------------------------------------------------------------------------------------+
; Analysis & Synthesis Settings                                                                              ;
+------------------------------------------------------------------+--------------------+--------------------+
; Option                                                           ; Setting            ; Default Value      ;
+------------------------------------------------------------------+--------------------+--------------------+
; Device                                                           ; EP4CE115F29C7      ;                    ;
; Top-level entity name                                            ; Cofre              ; Cofre              ;
; Family name                                                      ; Cyclone IV E       ; Cyclone V          ;
; Use smart compilation                                            ; Off                ; Off                ;
; Enable parallel Assembler and Timing Analyzer during compilation ; On                 ; On                 ;
; Enable compact report table                                      ; Off                ; Off                ;
; Restructure Multiplexers                                         ; Auto               ; Auto               ;
; Create Debugging Nodes for IP Cores                              ; Off                ; Off                ;
; Preserve fewer node names                                        ; On                 ; On                 ;
; Intel FPGA IP Evaluation Mode                                    ; Enable             ; Enable             ;
; Verilog Version                                                  ; Verilog_2001       ; Verilog_2001       ;
; VHDL Version                                                     ; VHDL_1993          ; VHDL_1993          ;
; State Machine Processing                                         ; Auto               ; Auto               ;
; Safe State Machine                                               ; Off                ; Off                ;
; Extract Verilog State Machines                                   ; On                 ; On                 ;
; Extract VHDL State Machines                                      ; On                 ; On                 ;
; Ignore Verilog initial constructs                                ; Off                ; Off                ;
; Iteration limit for constant Verilog loops                       ; 5000               ; 5000               ;
; Iteration limit for non-constant Verilog loops                   ; 250                ; 250                ;
; Add Pass-Through Logic to Inferred RAMs                          ; On                 ; On                 ;
; Infer RAMs from Raw Logic                                        ; On                 ; On                 ;
; Parallel Synthesis                                               ; On                 ; On                 ;
; DSP Block Balancing                                              ; Auto               ; Auto               ;
; NOT Gate Push-Back                                               ; On                 ; On                 ;
; Power-Up Don't Care                                              ; On                 ; On                 ;
; Remove Redundant Logic Cells                                     ; Off                ; Off                ;
; Remove Duplicate Registers                                       ; On                 ; On                 ;
; Ignore CARRY Buffers                                             ; Off                ; Off                ;
; Ignore CASCADE Buffers                                           ; Off                ; Off                ;
; Ignore GLOBAL Buffers                                            ; Off                ; Off                ;
; Ignore ROW GLOBAL Buffers                                        ; Off                ; Off                ;
; Ignore LCELL Buffers                                             ; Off                ; Off                ;
; Ignore SOFT Buffers                                              ; On                 ; On                 ;
; Limit AHDL Integers to 32 Bits                                   ; Off                ; Off                ;
; Optimization Technique                                           ; Balanced           ; Balanced           ;
; Carry Chain Length                                               ; 70                 ; 70                 ;
; Auto Carry Chains                                                ; On                 ; On                 ;
; Auto Open-Drain Pins                                             ; On                 ; On                 ;
; Perform WYSIWYG Primitive Resynthesis                            ; Off                ; Off                ;
; Auto ROM Replacement                                             ; On                 ; On                 ;
; Auto RAM Replacement                                             ; On                 ; On                 ;
; Auto DSP Block Replacement                                       ; On                 ; On                 ;
; Auto Shift Register Replacement                                  ; Auto               ; Auto               ;
; Allow Shift Register Merging across Hierarchies                  ; Auto               ; Auto               ;
; Auto Clock Enable Replacement                                    ; On                 ; On                 ;
; Strict RAM Replacement                                           ; Off                ; Off                ;
; Allow Synchronous Control Signals                                ; On                 ; On                 ;
; Force Use of Synchronous Clear Signals                           ; Off                ; Off                ;
; Auto RAM Block Balancing                                         ; On                 ; On                 ;
; Auto RAM to Logic Cell Conversion                                ; Off                ; Off                ;
; Auto Resource Sharing                                            ; Off                ; Off                ;
; Allow Any RAM Size For Recognition                               ; Off                ; Off                ;
; Allow Any ROM Size For Recognition                               ; Off                ; Off                ;
; Allow Any Shift Register Size For Recognition                    ; Off                ; Off                ;
; Use LogicLock Constraints during Resource Balancing              ; On                 ; On                 ;
; Ignore translate_off and synthesis_off directives                ; Off                ; Off                ;
; Timing-Driven Synthesis                                          ; On                 ; On                 ;
; Report Parameter Settings                                        ; On                 ; On                 ;
; Report Source Assignments                                        ; On                 ; On                 ;
; Report Connectivity Checks                                       ; On                 ; On                 ;
; Ignore Maximum Fan-Out Assignments                               ; Off                ; Off                ;
; Synchronization Register Chain Length                            ; 2                  ; 2                  ;
; Power Optimization During Synthesis                              ; Normal compilation ; Normal compilation ;
; HDL message level                                                ; Level2             ; Level2             ;
; Suppress Register Optimization Related Messages                  ; Off                ; Off                ;
; Number of Removed Registers Reported in Synthesis Report         ; 5000               ; 5000               ;
; Number of Swept Nodes Reported in Synthesis Report               ; 5000               ; 5000               ;
; Number of Inverted Registers Reported in Synthesis Report        ; 100                ; 100                ;
; Clock MUX Protection                                             ; On                 ; On                 ;
; Auto Gated Clock Conversion                                      ; Off                ; Off                ;
; Block Design Naming                                              ; Auto               ; Auto               ;
; SDC constraint protection                                        ; Off                ; Off                ;
; Synthesis Effort                                                 ; Auto               ; Auto               ;
; Shift Register Replacement - Allow Asynchronous Clear Signal     ; On                 ; On                 ;
; Pre-Mapping Resynthesis Optimization                             ; Off                ; Off                ;
; Analysis & Synthesis Message Level                               ; Medium             ; Medium             ;
; Disable Register Merging Across Hierarchies                      ; Auto               ; Auto               ;
; Resource Aware Inference For Block RAM                           ; On                 ; On                 ;
+------------------------------------------------------------------+--------------------+--------------------+


+------------------------------------------+
; Parallel Compilation                     ;
+----------------------------+-------------+
; Processors                 ; Number      ;
+----------------------------+-------------+
; Number detected on machine ; 12          ;
; Maximum allowed            ; 12          ;
;                            ;             ;
; Average used               ; 1.00        ;
; Maximum used               ; 1           ;
;                            ;             ;
; Usage by Processor         ; % Time Used ;
;     Processor 1            ; 100.0%      ;
+----------------------------+-------------+


+---------------------------------------------------------------------------------------------------------------------------------------------------------------------------------------+
; Analysis & Synthesis Source Files Read                                                                                                                                                ;
+----------------------------------+-----------------+------------------------------------+-----------------------------------------------------------------------------------+---------+
; File Name with User-Entered Path ; Used in Netlist ; File Type                          ; File Name with Absolute Path                                                      ; Library ;
+----------------------------------+-----------------+------------------------------------+-----------------------------------------------------------------------------------+---------+
; ../mod_PU/mod_PU.bdf             ; yes             ; User Block Diagram/Schematic File  ; D:/kaue/acesso rapido/Documentos/github/Cofre-Digital/mod_PU/mod_PU.bdf           ;         ;
; ../registrador/registrador.bdf   ; yes             ; User Block Diagram/Schematic File  ; D:/kaue/acesso rapido/Documentos/github/Cofre-Digital/registrador/registrador.bdf ;         ;
; ../registrador/Cofre.bdf         ; yes             ; User Block Diagram/Schematic File  ; D:/kaue/acesso rapido/Documentos/github/Cofre-Digital/registrador/Cofre.bdf       ;         ;
; Comparador.bdf                   ; yes             ; User Block Diagram/Schematic File  ; D:/kaue/acesso rapido/Documentos/github/Cofre-Digital/quartus/Comparador.bdf      ;         ;
; Operacao.bdf                     ; yes             ; User Block Diagram/Schematic File  ; D:/kaue/acesso rapido/Documentos/github/Cofre-Digital/quartus/Operacao.bdf        ;         ;
; Insercao.bdf                     ; yes             ; User Block Diagram/Schematic File  ; D:/kaue/acesso rapido/Documentos/github/Cofre-Digital/quartus/Insercao.bdf        ;         ;
; lpm_compare.tdf                  ; yes             ; Megafunction                       ; c:/intelfpga_lite/20.1/quartus/libraries/megafunctions/lpm_compare.tdf            ;         ;
; comptree.inc                     ; yes             ; Megafunction                       ; c:/intelfpga_lite/20.1/quartus/libraries/megafunctions/comptree.inc               ;         ;
; altshift.inc                     ; yes             ; Megafunction                       ; c:/intelfpga_lite/20.1/quartus/libraries/megafunctions/altshift.inc               ;         ;
; aglobal201.inc                   ; yes             ; Megafunction                       ; c:/intelfpga_lite/20.1/quartus/libraries/megafunctions/aglobal201.inc             ;         ;
; db/cmpr_qmf.tdf                  ; yes             ; Auto-Generated Megafunction        ; D:/kaue/acesso rapido/Documentos/github/Cofre-Digital/quartus/db/cmpr_qmf.tdf     ;         ;
; 7447.bdf                         ; yes             ; Megafunction                       ; c:/intelfpga_lite/20.1/quartus/libraries/others/maxplus2/7447.bdf                 ;         ;
+----------------------------------+-----------------+------------------------------------+-----------------------------------------------------------------------------------+---------+


+--------------------------------------------------------+
; Analysis & Synthesis Resource Usage Summary            ;
+---------------------------------------------+----------+
; Resource                                    ; Usage    ;
+---------------------------------------------+----------+
;                                             ;          ;
; Total combinational functions               ; 0        ;
; Logic element usage by number of LUT inputs ;          ;
;     -- 4 input functions                    ; 0        ;
;     -- 3 input functions                    ; 0        ;
;     -- <=2 input functions                  ; 0        ;
;                                             ;          ;
; Logic elements by mode                      ;          ;
;     -- normal mode                          ; 0        ;
;     -- arithmetic mode                      ; 0        ;
;                                             ;          ;
; Total registers                             ; 0        ;
;     -- Dedicated logic registers            ; 0        ;
;     -- I/O registers                        ; 0        ;
;                                             ;          ;
; I/O pins                                    ; 66       ;
;                                             ;          ;
; Embedded Multiplier 9-bit elements          ; 0        ;
;                                             ;          ;
; Maximum fan-out node                        ; S~output ;
; Maximum fan-out                             ; 1        ;
; Total fan-out                               ; 66       ;
; Average fan-out                             ; 0.50     ;
+---------------------------------------------+----------+


+----------------------------------------------------------------------------------------------------------------------------------------------------------------------------------------------------------+
; Analysis & Synthesis Resource Utilization by Entity                                                                                                                                                      ;
+----------------------------+---------------------+---------------------------+-------------+--------------+---------+-----------+------+--------------+---------------------+-------------+--------------+
; Compilation Hierarchy Node ; Combinational ALUTs ; Dedicated Logic Registers ; Memory Bits ; DSP Elements ; DSP 9x9 ; DSP 18x18 ; Pins ; Virtual Pins ; Full Hierarchy Name ; Entity Name ; Library Name ;
+----------------------------+---------------------+---------------------------+-------------+--------------+---------+-----------+------+--------------+---------------------+-------------+--------------+
; |Cofre                     ; 0 (0)               ; 0 (0)                     ; 0           ; 0            ; 0       ; 0         ; 66   ; 0            ; |Cofre              ; Cofre       ; work         ;
+----------------------------+---------------------+---------------------------+-------------+--------------+---------+-----------+------+--------------+---------------------+-------------+--------------+
Note: For table entries with two numbers listed, the numbers in parentheses indicate the number of resources of the given type used by the specific entity alone. The numbers listed outside of parentheses indicate the total resources of the given type used by the specific entity and all of its sub-entities in the hierarchy.


+-----------------------------------------------------------------------------------------------------------------------------+
; Registers Removed During Synthesis                                                                                          ;
+------------------------------------------------------------------------------------+----------------------------------------+
; Register name                                                                      ; Reason for Removal                     ;
+------------------------------------------------------------------------------------+----------------------------------------+
; Operacao:inst9|inst13                                                              ; Stuck at GND due to stuck port clear   ;
; Operacao:inst9|inst15                                                              ; Stuck at GND due to stuck port clear   ;
; registrador:inst20|inst                                                            ; Stuck at GND due to stuck port clock   ;
; registrador:inst20|inst40                                                          ; Stuck at GND due to stuck port clock   ;
; registrador:inst20|inst1                                                           ; Stuck at GND due to stuck port clock   ;
; registrador:inst20|inst8                                                           ; Stuck at GND due to stuck port clock   ;
; registrador:inst20|inst7                                                           ; Stuck at GND due to stuck port clock   ;
; registrador:inst20|inst9                                                           ; Stuck at GND due to stuck port clock   ;
; registrador:inst20|inst2                                                           ; Stuck at GND due to stuck port clock   ;
; registrador:inst20|inst10                                                          ; Stuck at GND due to stuck port clock   ;
; registrador:inst20|inst11                                                          ; Stuck at GND due to stuck port clock   ;
; registrador:inst20|inst12                                                          ; Stuck at GND due to stuck port clock   ;
; registrador:inst20|inst3                                                           ; Stuck at GND due to stuck port clock   ;
; registrador:inst20|inst13                                                          ; Stuck at GND due to stuck port clock   ;
; Insercao:inst10|instI                                                              ; Stuck at GND due to stuck port clear   ;
; Insercao:inst10|instI1                                                             ; Stuck at GND due to stuck port clear   ;
; registrador:inst25|inst                                                            ; Stuck at GND due to stuck port clock   ;
; registrador:inst25|inst40                                                          ; Stuck at GND due to stuck port clock   ;
; registrador:inst25|inst1                                                           ; Stuck at GND due to stuck port clock   ;
; registrador:inst25|inst8                                                           ; Stuck at GND due to stuck port clock   ;
; registrador:inst25|inst7                                                           ; Stuck at GND due to stuck port clock   ;
; registrador:inst25|inst9                                                           ; Stuck at GND due to stuck port clock   ;
; registrador:inst25|inst2                                                           ; Stuck at GND due to stuck port clock   ;
; registrador:inst25|inst10                                                          ; Stuck at GND due to stuck port clock   ;
; registrador:inst25|inst11                                                          ; Stuck at GND due to stuck port clock   ;
; registrador:inst25|inst12                                                          ; Stuck at GND due to stuck port clock   ;
; registrador:inst25|inst3                                                           ; Stuck at GND due to stuck port clock   ;
; registrador:inst25|inst13                                                          ; Stuck at GND due to stuck port clock   ;
; Comparador:inst79|lpm_compare:inst102|cmpr_qmf:auto_generated|aeb_output_dffe0a[0] ; Stuck at VCC due to stuck port data_in ;
; Comparador:inst79|lpm_compare:inst101|cmpr_qmf:auto_generated|aeb_output_dffe0a[0] ; Stuck at VCC due to stuck port data_in ;
; Comparador:inst79|lpm_compare:inst100|cmpr_qmf:auto_generated|aeb_output_dffe0a[0] ; Stuck at VCC due to stuck port data_in ;
; mod_PU:inst5|inst1                                                                 ; Lost fanout                            ;
; mod_PU:inst5|inst                                                                  ; Lost fanout                            ;
; mod_PU:inst8|inst1                                                                 ; Lost fanout                            ;
; mod_PU:inst8|inst                                                                  ; Lost fanout                            ;
; mod_PU:inst6|inst1                                                                 ; Lost fanout                            ;
; mod_PU:inst6|inst                                                                  ; Lost fanout                            ;
; mod_PU:inst100|inst1                                                               ; Lost fanout                            ;
; mod_PU:inst100|inst                                                                ; Lost fanout                            ;
; mod_PU:inst4|inst1                                                                 ; Lost fanout                            ;
; mod_PU:inst4|inst                                                                  ; Lost fanout                            ;
; Total Number of Removed Registers = 41                                             ;                                        ;
+------------------------------------------------------------------------------------+----------------------------------------+


+---------------------------------------------------------------------------------------------------------------------------------------+
; Removed Registers Triggering Further Register Optimizations                                                                           ;
+-----------------------+-------------------------+-------------------------------------------------------------------------------------+
; Register name         ; Reason for Removal      ; Registers Removed due to This Register                                              ;
+-----------------------+-------------------------+-------------------------------------------------------------------------------------+
; Operacao:inst9|inst13 ; Stuck at GND            ; registrador:inst20|inst, registrador:inst20|inst40, registrador:inst20|inst1,       ;
;                       ; due to stuck port clear ; registrador:inst20|inst8, registrador:inst20|inst7, registrador:inst20|inst9,       ;
;                       ;                         ; registrador:inst20|inst2, registrador:inst20|inst10, registrador:inst20|inst11,     ;
;                       ;                         ; registrador:inst20|inst12, registrador:inst20|inst3, registrador:inst20|inst13,     ;
;                       ;                         ; Insercao:inst10|instI, Insercao:inst10|instI1, registrador:inst25|inst,             ;
;                       ;                         ; registrador:inst25|inst40, registrador:inst25|inst1, registrador:inst25|inst8,      ;
;                       ;                         ; registrador:inst25|inst7, registrador:inst25|inst9, registrador:inst25|inst2,       ;
;                       ;                         ; registrador:inst25|inst10, registrador:inst25|inst11, registrador:inst25|inst12,    ;
;                       ;                         ; registrador:inst25|inst3, registrador:inst25|inst13,                                ;
;                       ;                         ; Comparador:inst79|lpm_compare:inst102|cmpr_qmf:auto_generated|aeb_output_dffe0a[0], ;
;                       ;                         ; Comparador:inst79|lpm_compare:inst101|cmpr_qmf:auto_generated|aeb_output_dffe0a[0], ;
;                       ;                         ; Comparador:inst79|lpm_compare:inst100|cmpr_qmf:auto_generated|aeb_output_dffe0a[0], ;
;                       ;                         ; mod_PU:inst5|inst1, mod_PU:inst5|inst, mod_PU:inst8|inst1, mod_PU:inst8|inst,       ;
;                       ;                         ; mod_PU:inst6|inst1, mod_PU:inst6|inst, mod_PU:inst100|inst1, mod_PU:inst100|inst,   ;
;                       ;                         ; mod_PU:inst4|inst1, mod_PU:inst4|inst                                               ;
+-----------------------+-------------------------+-------------------------------------------------------------------------------------+


+------------------------------------------------------+
; General Register Statistics                          ;
+----------------------------------------------+-------+
; Statistic                                    ; Value ;
+----------------------------------------------+-------+
; Total registers                              ; 0     ;
; Number of registers using Synchronous Clear  ; 0     ;
; Number of registers using Synchronous Load   ; 0     ;
; Number of registers using Asynchronous Clear ; 0     ;
; Number of registers using Asynchronous Load  ; 0     ;
; Number of registers using Clock Enable       ; 0     ;
; Number of registers using Preset             ; 0     ;
+----------------------------------------------+-------+


+------------------------------------------------------------------------------------+
; Parameter Settings for User Entity Instance: Comparador:inst79|LPM_COMPARE:inst100 ;
+------------------------+--------------+--------------------------------------------+
; Parameter Name         ; Value        ; Type                                       ;
+------------------------+--------------+--------------------------------------------+
; lpm_width              ; 4            ; Untyped                                    ;
; LPM_REPRESENTATION     ; UNSIGNED     ; Untyped                                    ;
; LPM_PIPELINE           ; 1            ; Untyped                                    ;
; CHAIN_SIZE             ; 8            ; Untyped                                    ;
; ONE_INPUT_IS_CONSTANT  ; NO           ; Untyped                                    ;
; CARRY_CHAIN            ; MANUAL       ; Untyped                                    ;
; CASCADE_CHAIN          ; MANUAL       ; Untyped                                    ;
; CARRY_CHAIN_LENGTH     ; 48           ; CARRY_CHAIN_LENGTH                         ;
; CASCADE_CHAIN_LENGTH   ; 2            ; CASCADE_CHAIN_LENGTH                       ;
; DEVICE_FAMILY          ; Cyclone IV E ; Untyped                                    ;
; CBXI_PARAMETER         ; cmpr_qmf     ; Untyped                                    ;
; AUTO_CARRY_CHAINS      ; ON           ; AUTO_CARRY                                 ;
; IGNORE_CARRY_BUFFERS   ; OFF          ; IGNORE_CARRY                               ;
; AUTO_CASCADE_CHAINS    ; ON           ; AUTO_CASCADE                               ;
; IGNORE_CASCADE_BUFFERS ; OFF          ; IGNORE_CASCADE                             ;
+------------------------+--------------+--------------------------------------------+
Note: In order to hide this table in the UI and the text report file, please set the "Show Parameter Settings in Synthesis Report" option in "Analysis and Synthesis Settings -> More Settings" to "Off".


+------------------------------------------------------------------------------------+
; Parameter Settings for User Entity Instance: Comparador:inst79|LPM_COMPARE:inst101 ;
+------------------------+--------------+--------------------------------------------+
; Parameter Name         ; Value        ; Type                                       ;
+------------------------+--------------+--------------------------------------------+
; lpm_width              ; 4            ; Untyped                                    ;
; LPM_REPRESENTATION     ; UNSIGNED     ; Untyped                                    ;
; LPM_PIPELINE           ; 1            ; Untyped                                    ;
; CHAIN_SIZE             ; 8            ; Untyped                                    ;
; ONE_INPUT_IS_CONSTANT  ; NO           ; Untyped                                    ;
; CARRY_CHAIN            ; MANUAL       ; Untyped                                    ;
; CASCADE_CHAIN          ; MANUAL       ; Untyped                                    ;
; CARRY_CHAIN_LENGTH     ; 48           ; CARRY_CHAIN_LENGTH                         ;
; CASCADE_CHAIN_LENGTH   ; 2            ; CASCADE_CHAIN_LENGTH                       ;
; DEVICE_FAMILY          ; Cyclone IV E ; Untyped                                    ;
; CBXI_PARAMETER         ; cmpr_qmf     ; Untyped                                    ;
; AUTO_CARRY_CHAINS      ; ON           ; AUTO_CARRY                                 ;
; IGNORE_CARRY_BUFFERS   ; OFF          ; IGNORE_CARRY                               ;
; AUTO_CASCADE_CHAINS    ; ON           ; AUTO_CASCADE                               ;
; IGNORE_CASCADE_BUFFERS ; OFF          ; IGNORE_CASCADE                             ;
+------------------------+--------------+--------------------------------------------+
Note: In order to hide this table in the UI and the text report file, please set the "Show Parameter Settings in Synthesis Report" option in "Analysis and Synthesis Settings -> More Settings" to "Off".


+------------------------------------------------------------------------------------+
; Parameter Settings for User Entity Instance: Comparador:inst79|LPM_COMPARE:inst102 ;
+------------------------+--------------+--------------------------------------------+
; Parameter Name         ; Value        ; Type                                       ;
+------------------------+--------------+--------------------------------------------+
; lpm_width              ; 4            ; Untyped                                    ;
; LPM_REPRESENTATION     ; UNSIGNED     ; Untyped                                    ;
; LPM_PIPELINE           ; 1            ; Untyped                                    ;
; CHAIN_SIZE             ; 8            ; Untyped                                    ;
; ONE_INPUT_IS_CONSTANT  ; NO           ; Untyped                                    ;
; CARRY_CHAIN            ; MANUAL       ; Untyped                                    ;
; CASCADE_CHAIN          ; MANUAL       ; Untyped                                    ;
; CARRY_CHAIN_LENGTH     ; 48           ; CARRY_CHAIN_LENGTH                         ;
; CASCADE_CHAIN_LENGTH   ; 2            ; CASCADE_CHAIN_LENGTH                       ;
; DEVICE_FAMILY          ; Cyclone IV E ; Untyped                                    ;
; CBXI_PARAMETER         ; cmpr_qmf     ; Untyped                                    ;
; AUTO_CARRY_CHAINS      ; ON           ; AUTO_CARRY                                 ;
; IGNORE_CARRY_BUFFERS   ; OFF          ; IGNORE_CARRY                               ;
; AUTO_CASCADE_CHAINS    ; ON           ; AUTO_CASCADE                               ;
; IGNORE_CASCADE_BUFFERS ; OFF          ; IGNORE_CASCADE                             ;
+------------------------+--------------+--------------------------------------------+
Note: In order to hide this table in the UI and the text report file, please set the "Show Parameter Settings in Synthesis Report" option in "Analysis and Synthesis Settings -> More Settings" to "Off".


+-----------------------------------------------------+
; Post-Synthesis Netlist Statistics for Top Partition ;
+-----------------------+-----------------------------+
; Type                  ; Count                       ;
+-----------------------+-----------------------------+
; boundary_port         ; 66                          ;
; cycloneiii_lcell_comb ; 2                           ;
;     normal            ; 2                           ;
;         0 data inputs ; 2                           ;
;                       ;                             ;
; Max LUT depth         ; 0.00                        ;
; Average LUT depth     ; 0.00                        ;
+-----------------------+-----------------------------+


+-------------------------------+
; Elapsed Time Per Partition    ;
+----------------+--------------+
; Partition Name ; Elapsed Time ;
+----------------+--------------+
; Top            ; 00:00:00     ;
+----------------+--------------+


+-------------------------------+
; Analysis & Synthesis Messages ;
+-------------------------------+
Info: *******************************************************************
Info: Running Quartus Prime Analysis & Synthesis
    Info: Version 20.1.0 Build 711 06/05/2020 SJ Lite Edition
    Info: Processing started: Sun May 14 11:05:55 2023
Info: Command: quartus_map --read_settings_files=on --write_settings_files=off Cofre -c Cofre
Warning (18236): Number of processors has not been specified which may cause overloading on shared machines.  Set the global assignment NUM_PARALLEL_PROCESSORS in your QSF to an appropriate value for best performance.
Info (20030): Parallel compilation is enabled and will use 12 of the 12 processors detected
Info (12021): Found 1 design units, including 1 entities, in source file /kaue/acesso rapido/documentos/github/cofre-digital/mod_pu/mod_pu.bdf
    Info (12023): Found entity 1: mod_PU
Info (12021): Found 1 design units, including 1 entities, in source file /kaue/acesso rapido/documentos/github/cofre-digital/registrador/registrador.bdf
    Info (12023): Found entity 1: registrador
Info (12021): Found 1 design units, including 1 entities, in source file /kaue/acesso rapido/documentos/github/cofre-digital/registrador/cofre.bdf
    Info (12023): Found entity 1: Cofre
Info (12021): Found 1 design units, including 1 entities, in source file comparador.bdf
    Info (12023): Found entity 1: Comparador
Info (12021): Found 1 design units, including 1 entities, in source file operacao.bdf
    Info (12023): Found entity 1: Operacao
Info (12021): Found 1 design units, including 1 entities, in source file insercao.bdf
    Info (12023): Found entity 1: Insercao
Info (12127): Elaborating entity "Cofre" for the top level hierarchy
Warning (275009): Pin "TE" not connected
Info (12128): Elaborating entity "Operacao" for hierarchy "Operacao:inst9"
Warning (275008): Primitive "NOT" of instance "inst0" not used
Warning (275008): Primitive "NOT" of instance "inst1" not used
Warning (275008): Primitive "NOT" of instance "inst2" not used
Info (12128): Elaborating entity "mod_PU" for hierarchy "mod_PU:inst4"
Info (12128): Elaborating entity "Comparador" for hierarchy "Comparador:inst79"
Warning (275011): Block or symbol "LPM_COMPARE" of instance "inst100" overlaps another block or symbol
Warning (275011): Block or symbol "LPM_COMPARE" of instance "inst102" overlaps another block or symbol
Info (12128): Elaborating entity "LPM_COMPARE" for hierarchy "Comparador:inst79|LPM_COMPARE:inst100"
Info (12130): Elaborated megafunction instantiation "Comparador:inst79|LPM_COMPARE:inst100"
Info (12133): Instantiated megafunction "Comparador:inst79|LPM_COMPARE:inst100" with the following parameter:
    Info (12134): Parameter "LPM_PIPELINE" = "1"
    Info (12134): Parameter "LPM_WIDTH" = "4"
Info (12021): Found 1 design units, including 1 entities, in source file db/cmpr_qmf.tdf
    Info (12023): Found entity 1: cmpr_qmf File: D:/kaue/acesso rapido/Documentos/github/Cofre-Digital/quartus/db/cmpr_qmf.tdf Line: 23
Info (12128): Elaborating entity "cmpr_qmf" for hierarchy "Comparador:inst79|LPM_COMPARE:inst100|cmpr_qmf:auto_generated" File: c:/intelfpga_lite/20.1/quartus/libraries/megafunctions/lpm_compare.tdf Line: 281
Info (12128): Elaborating entity "registrador" for hierarchy "registrador:inst25"
Info (12128): Elaborating entity "Insercao" for hierarchy "Insercao:inst10"
Info (12128): Elaborating entity "7447" for hierarchy "7447:inst19"
Info (12130): Elaborated megafunction instantiation "7447:inst19"
Warning (13024): Output pins are stuck at VCC or GND
    Warning (13410): Pin "S" is stuck at GND
    Warning (13410): Pin "M[1]" is stuck at GND
    Warning (13410): Pin "M[0]" is stuck at GND
    Warning (13410): Pin "D2[3]" is stuck at GND
    Warning (13410): Pin "D2[2]" is stuck at GND
    Warning (13410): Pin "D2[1]" is stuck at GND
    Warning (13410): Pin "D2[0]" is stuck at GND
    Warning (13410): Pin "D1[3]" is stuck at GND
    Warning (13410): Pin "D1[2]" is stuck at GND
    Warning (13410): Pin "D1[1]" is stuck at GND
    Warning (13410): Pin "D1[0]" is stuck at GND
    Warning (13410): Pin "D0[3]" is stuck at GND
    Warning (13410): Pin "D0[2]" is stuck at GND
    Warning (13410): Pin "D0[1]" is stuck at GND
    Warning (13410): Pin "D0[0]" is stuck at GND
    Warning (13410): Pin "MM2[3]" is stuck at GND
    Warning (13410): Pin "MM2[2]" is stuck at GND
    Warning (13410): Pin "MM2[1]" is stuck at GND
    Warning (13410): Pin "MM2[0]" is stuck at GND
    Warning (13410): Pin "MM1[3]" is stuck at GND
    Warning (13410): Pin "MM1[2]" is stuck at GND
    Warning (13410): Pin "MM1[1]" is stuck at GND
    Warning (13410): Pin "MM1[0]" is stuck at GND
    Warning (13410): Pin "MM0[3]" is stuck at GND
    Warning (13410): Pin "MM0[2]" is stuck at GND
    Warning (13410): Pin "MM0[1]" is stuck at GND
    Warning (13410): Pin "MM0[0]" is stuck at GND
    Warning (13410): Pin "SINAL_CORRETA" is stuck at VCC
    Warning (13410): Pin "N0[6]" is stuck at VCC
    Warning (13410): Pin "N0[5]" is stuck at GND
    Warning (13410): Pin "N0[4]" is stuck at GND
    Warning (13410): Pin "N0[3]" is stuck at GND
    Warning (13410): Pin "N0[2]" is stuck at GND
    Warning (13410): Pin "N0[1]" is stuck at GND
    Warning (13410): Pin "N0[0]" is stuck at GND
    Warning (13410): Pin "N1[6]" is stuck at VCC
    Warning (13410): Pin "N1[5]" is stuck at GND
    Warning (13410): Pin "N1[4]" is stuck at GND
    Warning (13410): Pin "N1[3]" is stuck at GND
    Warning (13410): Pin "N1[2]" is stuck at GND
    Warning (13410): Pin "N1[1]" is stuck at GND
    Warning (13410): Pin "N1[0]" is stuck at GND
    Warning (13410): Pin "N2[6]" is stuck at VCC
    Warning (13410): Pin "N2[5]" is stuck at GND
    Warning (13410): Pin "N2[4]" is stuck at GND
    Warning (13410): Pin "N2[3]" is stuck at GND
    Warning (13410): Pin "N2[2]" is stuck at GND
    Warning (13410): Pin "N2[1]" is stuck at GND
    Warning (13410): Pin "N2[0]" is stuck at GND
Info (17049): 10 registers lost all their fanouts during netlist optimizations.
Info (16010): Generating hard_block partition "hard_block:auto_generated_inst"
    Info (16011): Adding 0 node(s), including 0 DDIO, 0 PLL, 0 transceiver and 0 LCELL
Warning (21074): Design contains 17 input pin(s) that do not drive logic
    Warning (15610): No output dependent on input pin "CLOCK"
    Warning (15610): No output dependent on input pin "CT"
    Warning (15610): No output dependent on input pin "ENTER"
    Warning (15610): No output dependent on input pin "TeTemp[3]"
    Warning (15610): No output dependent on input pin "TeTemp[2]"
    Warning (15610): No output dependent on input pin "TeTemp[1]"
    Warning (15610): No output dependent on input pin "TeTemp[0]"
    Warning (15610): No output dependent on input pin "C"
    Warning (15610): No output dependent on input pin "BM"
    Warning (15610): No output dependent on input pin "RESET"
    Warning (15610): No output dependent on input pin "TE[6]"
    Warning (15610): No output dependent on input pin "TE[5]"
    Warning (15610): No output dependent on input pin "TE[4]"
    Warning (15610): No output dependent on input pin "TE[3]"
    Warning (15610): No output dependent on input pin "TE[2]"
    Warning (15610): No output dependent on input pin "TE[1]"
    Warning (15610): No output dependent on input pin "TE[0]"
Info (21057): Implemented 66 device resources after synthesis - the final resource count might be different
    Info (21058): Implemented 17 input pins
    Info (21059): Implemented 49 output pins
Info: Quartus Prime Analysis & Synthesis was successful. 0 errors, 75 warnings
    Info: Peak virtual memory: 4742 megabytes
    Info: Processing ended: Sun May 14 11:06:03 2023
    Info: Elapsed time: 00:00:08
    Info: Total CPU time (on all processors): 00:00:07


